# JRE version: OpenJDK Runtime Environment (21.0.9) (build 21.0.9+-14787801-b1163.94)
# Java VM: OpenJDK 64-Bit Server VM (21.0.9+-14787801-b1163.94, mixed mode, tiered, compressed oops, compressed class ptrs, g1 gc, windows-amd64)
GC Precious Log:
 CardTable entry size: 512
 Card Set container configuration: InlinePtr #cards 5 size 8 Array Of Cards #cards 12 size 40 Howl #buckets 4 coarsen threshold 1843 Howl Bitmap #cards 512 size 80 coarsen threshold 460 Card regions per heap region 1 cards per card region 2048
 CPUs: 8 total, 8 available
 Memory: 12092M
 Large Page Support: Disabled
 NUMA Support: Disabled
 Compressed Oops: Enabled (32-bit)
 Heap Region Size: 1M
 Heap Min Capacity: 8M
 Heap Initial Capacity: 190M
 Heap Max Capacity: 2G
 Pre-touch: Disabled
 Parallel Workers: 8
 Concurrent Workers: 2
 Concurrent Refinement Workers: 8
 Periodic GC: Disabled
Heap:
 garbage-first heap   total 457728K, used 338888K [0x0000000080000000, 0x0000000100000000)
  region size 1024K, 200 young (204800K), 13 survivors (13312K)
 Metaspace       used 73548K, committed 75200K, reserved 1114112K
  class space    used 10037K, committed 10816K, reserved 1048576K
GC Heap History (20 events):
Event: 31.250 GC heap before
{Heap before GC invocations=101 (full 0):
 garbage-first heap   total 396288K, used 337084K [0x0000000080000000, 0x0000000100000000)
  region size 1024K, 232 young (237568K), 14 survivors (14336K)
 Metaspace       used 69463K, committed 71168K, reserved 1114112K
  class space    used 9666K, committed 10496K, reserved 1048576K
}
Event: 31.258 GC heap after
{Heap after GC invocations=102 (full 0):
 garbage-first heap   total 396288K, used 114153K [0x0000000080000000, 0x0000000100000000)
  region size 1024K, 15 young (15360K), 15 survivors (15360K)
 Metaspace       used 69463K, committed 71168K, reserved 1114112K
  class space    used 9666K, committed 10496K, reserved 1048576K
}
Event: 31.515 GC heap before
{Heap before GC invocations=102 (full 0):
 garbage-first heap   total 396288K, used 293353K [0x0000000080000000, 0x0000000100000000)
  region size 1024K, 191 young (195584K), 15 survivors (15360K)
 Metaspace       used 69467K, committed 71168K, reserved 1114112K
  class space    used 9666K, committed 10496K, reserved 1048576K
}
Event: 31.523 GC heap after
{Heap after GC invocations=103 (full 0):
 garbage-first heap   total 396288K, used 115230K [0x0000000080000000, 0x0000000100000000)
  region size 1024K, 16 young (16384K), 16 survivors (16384K)
 Metaspace       used 69467K, committed 71168K, reserved 1114112K
  class space    used 9666K, committed 10496K, reserved 1048576K
}
Event: 31.833 GC heap before
{Heap before GC invocations=104 (full 0):
 garbage-first heap   total 389120K, used 333342K [0x0000000080000000, 0x0000000100000000)
  region size 1024K, 228 young (233472K), 16 survivors (16384K)
 Metaspace       used 69473K, committed 71168K, reserved 1114112K
  class space    used 9666K, committed 10496K, reserved 1048576K
}
Event: 31.843 GC heap after
{Heap after GC invocations=105 (full 0):
 garbage-first heap   total 389120K, used 116828K [0x0000000080000000, 0x0000000100000000)
  region size 1024K, 16 young (16384K), 16 survivors (16384K)
 Metaspace       used 69473K, committed 71168K, reserved 1114112K
  class space    used 9666K, committed 10496K, reserved 1048576K
}
Event: 32.768 GC heap before
{Heap before GC invocations=105 (full 0):
 garbage-first heap   total 389120K, used 341084K [0x0000000080000000, 0x0000000100000000)
  region size 1024K, 228 young (233472K), 16 survivors (16384K)
 Metaspace       used 69881K, committed 71552K, reserved 1114112K
  class space    used 9712K, committed 10496K, reserved 1048576K
}
Event: 32.775 GC heap after
{Heap after GC invocations=106 (full 0):
 garbage-first heap   total 389120K, used 128115K [0x0000000080000000, 0x0000000100000000)
  region size 1024K, 19 young (19456K), 19 survivors (19456K)
 Metaspace       used 69881K, committed 71552K, reserved 1114112K
  class space    used 9712K, committed 10496K, reserved 1048576K
}
Event: 33.922 GC heap before
{Heap before GC invocations=106 (full 0):
 garbage-first heap   total 389120K, used 342131K [0x0000000080000000, 0x0000000100000000)
  region size 1024K, 228 young (233472K), 19 survivors (19456K)
 Metaspace       used 72786K, committed 74496K, reserved 1114112K
  class space    used 10006K, committed 10816K, reserved 1048576K
}
Event: 33.951 GC heap after
{Heap after GC invocations=107 (full 0):
 garbage-first heap   total 389120K, used 143817K [0x0000000080000000, 0x0000000100000000)
  region size 1024K, 29 young (29696K), 29 survivors (29696K)
 Metaspace       used 72786K, committed 74496K, reserved 1114112K
  class space    used 10006K, committed 10816K, reserved 1048576K
}
Event: 34.680 GC heap before
{Heap before GC invocations=108 (full 0):
 garbage-first heap   total 389120K, used 346569K [0x0000000080000000, 0x0000000100000000)
  region size 1024K, 228 young (233472K), 29 survivors (29696K)
 Metaspace       used 73235K, committed 74944K, reserved 1114112K
  class space    used 10018K, committed 10816K, reserved 1048576K
}
Event: 34.696 GC heap after
{Heap after GC invocations=109 (full 0):
 garbage-first heap   total 389120K, used 145424K [0x0000000080000000, 0x0000000100000000)
  region size 1024K, 19 young (19456K), 19 survivors (19456K)
 Metaspace       used 73235K, committed 74944K, reserved 1114112K
  class space    used 10018K, committed 10816K, reserved 1048576K
}
Event: 35.208 GC heap before
{Heap before GC invocations=109 (full 0):
 garbage-first heap   total 389120K, used 359440K [0x0000000080000000, 0x0000000100000000)
  region size 1024K, 228 young (233472K), 19 survivors (19456K)
 Metaspace       used 73452K, committed 75136K, reserved 1114112K
  class space    used 10033K, committed 10816K, reserved 1048576K
}
Event: 35.218 GC heap after
{Heap after GC invocations=110 (full 0):
 garbage-first heap   total 389120K, used 146396K [0x0000000080000000, 0x0000000100000000)
  region size 1024K, 6 young (6144K), 6 survivors (6144K)
 Metaspace       used 73452K, committed 75136K, reserved 1114112K
  class space    used 10033K, committed 10816K, reserved 1048576K
}
Event: 35.463 GC heap before
{Heap before GC invocations=110 (full 0):
 garbage-first heap   total 389120K, used 364508K [0x0000000080000000, 0x0000000100000000)
  region size 1024K, 219 young (224256K), 6 survivors (6144K)
 Metaspace       used 73465K, committed 75136K, reserved 1114112K
  class space    used 10035K, committed 10816K, reserved 1048576K
}
Event: 35.468 GC heap after
{Heap after GC invocations=111 (full 0):
 garbage-first heap   total 389120K, used 147908K [0x0000000080000000, 0x0000000100000000)
  region size 1024K, 7 young (7168K), 7 survivors (7168K)
 Metaspace       used 73465K, committed 75136K, reserved 1114112K
  class space    used 10035K, committed 10816K, reserved 1048576K
}
Event: 35.782 GC heap before
{Heap before GC invocations=112 (full 0):
 garbage-first heap   total 389120K, used 364996K [0x0000000080000000, 0x0000000100000000)
  region size 1024K, 221 young (226304K), 7 survivors (7168K)
 Metaspace       used 73468K, committed 75136K, reserved 1114112K
  class space    used 10035K, committed 10816K, reserved 1048576K
}
Event: 35.787 GC heap after
{Heap after GC invocations=113 (full 0):
 garbage-first heap   total 389120K, used 148817K [0x0000000080000000, 0x0000000100000000)
  region size 1024K, 10 young (10240K), 10 survivors (10240K)
 Metaspace       used 73468K, committed 75136K, reserved 1114112K
  class space    used 10035K, committed 10816K, reserved 1048576K
}
Event: 36.096 GC heap before
{Heap before GC invocations=113 (full 0):
 garbage-first heap   total 389120K, used 368977K [0x0000000080000000, 0x0000000100000000)
  region size 1024K, 225 young (230400K), 10 survivors (10240K)
 Metaspace       used 73519K, committed 75200K, reserved 1114112K
  class space    used 10036K, committed 10816K, reserved 1048576K
}
Event: 36.104 GC heap after
{Heap after GC invocations=114 (full 0):
 garbage-first heap   total 457728K, used 148424K [0x0000000080000000, 0x0000000100000000)
  region size 1024K, 13 young (13312K), 13 survivors (13312K)
 Metaspace       used 73519K, committed 75200K, reserved 1114112K
  class space    used 10036K, committed 10816K, reserved 1048576K
}

